[ 2025-08-24 19:19:56,092 ] 1025 httpx - INFO - HTTP Request: GET https://dagshub.com/api/v1/user "HTTP/1.1 200 OK"
[ 2025-08-24 19:19:56,099 ] 107 dagshub - INFO - Accessing as Arvik07
[ 2025-08-24 19:19:56,650 ] 1025 httpx - INFO - HTTP Request: GET https://dagshub.com/api/v1/repos/Arvik07/ML_project3 "HTTP/1.1 200 OK"
[ 2025-08-24 19:19:57,245 ] 1025 httpx - INFO - HTTP Request: GET https://dagshub.com/api/v1/user "HTTP/1.1 200 OK"
[ 2025-08-24 19:19:57,255 ] 107 dagshub - INFO - Initialized MLflow to track repo "Arvik07/ML_project3"
[ 2025-08-24 19:19:57,259 ] 107 dagshub - INFO - Repository Arvik07/ML_project3 initialized!
[ 2025-08-24 19:19:57,370 ] 21 root - INFO - Initiate the Data Ingestion process.
[ 2025-08-24 19:20:03,272 ] 65 root - INFO - Performed train test split on the dataframe
[ 2025-08-24 19:20:03,272 ] 67 root - INFO - Exited split_data_as_train_test method of Data_Ingestion class
[ 2025-08-24 19:20:03,272 ] 75 root - INFO - Exporting train and test file path.
[ 2025-08-24 19:20:03,346 ] 84 root - INFO - Exported train and test file path.
[ 2025-08-24 19:20:03,346 ] 23 root - INFO - Data Ingestion process completed.
[ 2025-08-24 19:20:03,355 ] 27 root - INFO - Initiate the Data Validation process.
[ 2025-08-24 19:20:03,383 ] 32 root - INFO - Required number of columns:2
[ 2025-08-24 19:20:03,383 ] 33 root - INFO - Data frame has columns:31
[ 2025-08-24 19:20:03,383 ] 32 root - INFO - Required number of columns:2
[ 2025-08-24 19:20:03,383 ] 33 root - INFO - Data frame has columns:31
[ 2025-08-24 19:20:03,597 ] 29 root - INFO - Data Validation process completed.
[ 2025-08-24 19:20:03,598 ] 33 root - INFO - Initiate the Data Transformation process.
[ 2025-08-24 19:20:03,598 ] 63 root - INFO - Entered initiate_data_transformation method of DataTransformation class
[ 2025-08-24 19:20:03,598 ] 65 root - INFO - Starting data transformation
[ 2025-08-24 19:20:03,633 ] 48 root - INFO - Entered get_data_trnasformer_object method of Trnasformation class
[ 2025-08-24 19:20:03,633 ] 53 root - INFO - Initialise KNNImputer with {'missing_values': nan, 'n_neighbors': 3, 'weights': 'uniform'}
[ 2025-08-24 19:20:03,650 ] 46 root - INFO - Entered the save_object method of MainUtils class
[ 2025-08-24 19:20:03,657 ] 50 root - INFO - Exited the save_object method of MainUtils class
[ 2025-08-24 19:20:03,657 ] 46 root - INFO - Entered the save_object method of MainUtils class
[ 2025-08-24 19:20:03,660 ] 50 root - INFO - Exited the save_object method of MainUtils class
[ 2025-08-24 19:20:03,662 ] 35 root - INFO - Data Transformation process completed.
[ 2025-08-24 19:20:03,662 ] 40 root - INFO - Initiate the Model Training process.
