[ 2025-08-26 17:52:27,360 ] 1025 httpx - INFO - HTTP Request: GET https://dagshub.com/api/v1/user "HTTP/1.1 200 OK"
[ 2025-08-26 17:52:27,366 ] 107 dagshub - INFO - Accessing as Arvik07
[ 2025-08-26 17:52:28,697 ] 1025 httpx - INFO - HTTP Request: GET https://dagshub.com/api/v1/repos/Arvik07/ML_project3 "HTTP/1.1 200 OK"
[ 2025-08-26 17:52:29,775 ] 1025 httpx - INFO - HTTP Request: GET https://dagshub.com/api/v1/user "HTTP/1.1 200 OK"
[ 2025-08-26 17:52:29,779 ] 107 dagshub - INFO - Initialized MLflow to track repo "Arvik07/ML_project3"
[ 2025-08-26 17:52:29,779 ] 107 dagshub - INFO - Repository Arvik07/ML_project3 initialized!
[ 2025-08-26 17:52:35,101 ] 42 root - INFO - Start data Ingestion
[ 2025-08-26 17:52:57,016 ] 65 root - INFO - Performed train test split on the dataframe
[ 2025-08-26 17:52:57,016 ] 67 root - INFO - Exited split_data_as_train_test method of Data_Ingestion class
[ 2025-08-26 17:52:57,016 ] 75 root - INFO - Exporting train and test file path.
[ 2025-08-26 17:52:57,099 ] 84 root - INFO - Exported train and test file path.
[ 2025-08-26 17:52:57,100 ] 45 root - INFO - Data Ingestion completed and artifact: DataIngestionArtifact(trained_file_path='Artifacts\\08_26_2025_17_52_23\\data_ingestion\\ingested\\train.csv', test_file_path='Artifacts\\08_26_2025_17_52_23\\data_ingestion\\ingested\\test.csv')
[ 2025-08-26 17:52:57,111 ] 55 root - INFO - Initiate the data Validation
[ 2025-08-26 17:52:57,136 ] 32 root - INFO - Required number of columns:2
[ 2025-08-26 17:52:57,136 ] 33 root - INFO - Data frame has columns:31
[ 2025-08-26 17:52:57,137 ] 32 root - INFO - Required number of columns:2
[ 2025-08-26 17:52:57,137 ] 33 root - INFO - Data frame has columns:31
[ 2025-08-26 17:52:57,344 ] 63 root - INFO - Entered initiate_data_transformation method of DataTransformation class
[ 2025-08-26 17:52:57,344 ] 65 root - INFO - Starting data transformation
[ 2025-08-26 17:52:57,373 ] 48 root - INFO - Entered get_data_trnasformer_object method of Trnasformation class
[ 2025-08-26 17:52:57,373 ] 53 root - INFO - Initialise KNNImputer with {'missing_values': nan, 'n_neighbors': 3, 'weights': 'uniform'}
[ 2025-08-26 17:52:57,387 ] 46 root - INFO - Entered the save_object method of MainUtils class
[ 2025-08-26 17:52:57,390 ] 50 root - INFO - Exited the save_object method of MainUtils class
[ 2025-08-26 17:52:57,390 ] 46 root - INFO - Entered the save_object method of MainUtils class
[ 2025-08-26 17:52:57,392 ] 50 root - INFO - Exited the save_object method of MainUtils class
[ 2025-08-26 17:58:25,453 ] 46 root - INFO - Entered the save_object method of MainUtils class
[ 2025-08-26 17:58:25,453 ] 50 root - INFO - Exited the save_object method of MainUtils class
[ 2025-08-26 17:58:25,453 ] 46 root - INFO - Entered the save_object method of MainUtils class
[ 2025-08-26 17:58:25,458 ] 50 root - INFO - Exited the save_object method of MainUtils class
[ 2025-08-26 17:58:25,459 ] 154 root - INFO - Model trainer artifact: ModelTrainerArtifact(trained_model_file_path='Artifacts\\08_26_2025_17_52_23\\model_trainer\\trained_model\\model.pkl', train_metric_artifact=ClassificationMetricArtifact(f1_score=0.9913766866186466, precision_score=0.9902715849209567, recall_score=0.9924842575665245), test_metric_artifact=ClassificationMetricArtifact(f1_score=0.9715430861723446, precision_score=0.9611419508326725, recall_score=0.9821717990275527))
